PhantomJS is launching GhostDriver...
[INFO  - 2017-09-11T08:34:28.055Z] GhostDriver - Main - running on port 40789
[INFO  - 2017-09-11T08:34:28.936Z] Session [06c6dc00-96cc-11e7-900e-f586c3af503e] - page.settings - {"XSSAuditingEnabled":false,"javascriptCanCloseWindows":true,"javascriptCanOpenWindows":true,"javascriptEnabled":true,"loadImages":true,"localToRemoteUrlAccessEnabled":false,"userAgent":"Mozilla/5.0 (Unknown; Linux x86_64) AppleWebKit/534.34 (KHTML, like Gecko) PhantomJS/1.9.8 Safari/534.34","webSecurityEnabled":true}
[INFO  - 2017-09-11T08:34:28.936Z] Session [06c6dc00-96cc-11e7-900e-f586c3af503e] - page.customHeaders:  - {}
[INFO  - 2017-09-11T08:34:28.936Z] Session [06c6dc00-96cc-11e7-900e-f586c3af503e] - Session.negotiatedCapabilities - {"browserName":"phantomjs","version":"1.9.8","driverName":"ghostdriver","driverVersion":"1.1.0","platform":"linux-unknown-64bit","javascriptEnabled":true,"takesScreenshot":true,"handlesAlerts":false,"databaseEnabled":false,"locationContextEnabled":false,"applicationCacheEnabled":false,"browserConnectionEnabled":false,"cssSelectorsEnabled":true,"webStorageEnabled":false,"rotatable":false,"acceptSslCerts":false,"nativeEvents":true,"proxy":{"proxyType":"direct"}}
[INFO  - 2017-09-11T08:34:28.936Z] SessionManagerReqHand - _postNewSessionCommand - New Session Created: 06c6dc00-96cc-11e7-900e-f586c3af503e
[ERROR - 2017-09-11T08:34:34.597Z] Session [06c6dc00-96cc-11e7-900e-f586c3af503e] - page.onError - msg: TypeError: 'null' is not an object (evaluating 'c.classList')
[ERROR - 2017-09-11T08:34:34.597Z] Session [06c6dc00-96cc-11e7-900e-f586c3af503e] - page.onError - stack:
  h (https://static.licdn.com/scds/concat/common/js?h=3kp2aedn5pmamdr4dk4n8atur-3ti5bgrnb6idjtk0w4chaigxe-5hqr1i1uoezoj0z1s5gcxojf2-71o37tcjwl0ishto9izvyml3i-3bbdjshpw5ov0rwa8xe08tp97-cayct4cirf7n0f9z1xsg84g0q-dktkawxk7k8pixuh5g8z5ku32-213zbp2wzp99lviwl8g2cvq6i-1lknwtftishpdmobzm413yc7u-bcxa0v9ke411pjpmz4s239f9b-2s77lcl0ztx2c5fzyqvglptj1-bn7x20my6ejwhlgl10oqmhgst-8h514j3fiwnzuwkt66sbxsu8f:48)
  (anonymous function) (https://static.licdn.com/scds/concat/common/js?h=3kp2aedn5pmamdr4dk4n8atur-3ti5bgrnb6idjtk0w4chaigxe-5hqr1i1uoezoj0z1s5gcxojf2-71o37tcjwl0ishto9izvyml3i-3bbdjshpw5ov0rwa8xe08tp97-cayct4cirf7n0f9z1xsg84g0q-dktkawxk7k8pixuh5g8z5ku32-213zbp2wzp99lviwl8g2cvq6i-1lknwtftishpdmobzm413yc7u-bcxa0v9ke411pjpmz4s239f9b-2s77lcl0ztx2c5fzyqvglptj1-bn7x20my6ejwhlgl10oqmhgst-8h514j3fiwnzuwkt66sbxsu8f:48)
  (anonymous function) (https://static.licdn.com/scds/concat/common/js?h=3kp2aedn5pmamdr4dk4n8atur-3ti5bgrnb6idjtk0w4chaigxe-5hqr1i1uoezoj0z1s5gcxojf2-71o37tcjwl0ishto9izvyml3i-3bbdjshpw5ov0rwa8xe08tp97-cayct4cirf7n0f9z1xsg84g0q-dktkawxk7k8pixuh5g8z5ku32-213zbp2wzp99lviwl8g2cvq6i-1lknwtftishpdmobzm413yc7u-bcxa0v9ke411pjpmz4s239f9b-2s77lcl0ztx2c5fzyqvglptj1-bn7x20my6ejwhlgl10oqmhgst-8h514j3fiwnzuwkt66sbxsu8f:48)
  (anonymous function) (https://static.licdn.com/scds/concat/common/js?h=3kp2aedn5pmamdr4dk4n8atur-3ti5bgrnb6idjtk0w4chaigxe-5hqr1i1uoezoj0z1s5gcxojf2-71o37tcjwl0ishto9izvyml3i-3bbdjshpw5ov0rwa8xe08tp97-cayct4cirf7n0f9z1xsg84g0q-dktkawxk7k8pixuh5g8z5ku32-213zbp2wzp99lviwl8g2cvq6i-1lknwtftishpdmobzm413yc7u-bcxa0v9ke411pjpmz4s239f9b-2s77lcl0ztx2c5fzyqvglptj1-bn7x20my6ejwhlgl10oqmhgst-8h514j3fiwnzuwkt66sbxsu8f:48)
  (anonymous function) (https://static.licdn.com/scds/concat/common/js?h=3kp2aedn5pmamdr4dk4n8atur-3ti5bgrnb6idjtk0w4chaigxe-5hqr1i1uoezoj0z1s5gcxojf2-71o37tcjwl0ishto9izvyml3i-3bbdjshpw5ov0rwa8xe08tp97-cayct4cirf7n0f9z1xsg84g0q-dktkawxk7k8pixuh5g8z5ku32-213zbp2wzp99lviwl8g2cvq6i-1lknwtftishpdmobzm413yc7u-bcxa0v9ke411pjpmz4s239f9b-2s77lcl0ztx2c5fzyqvglptj1-bn7x20my6ejwhlgl10oqmhgst-8h514j3fiwnzuwkt66sbxsu8f:52)
[ERROR - 2017-09-11T08:34:34.616Z] Session [06c6dc00-96cc-11e7-900e-f586c3af503e] - page.onError - msg: TypeError: 'undefined' is not a function (evaluating 'this._handleDocumentClicks.bind(this)')
[ERROR - 2017-09-11T08:34:34.616Z] Session [06c6dc00-96cc-11e7-900e-f586c3af503e] - page.onError - stack:
  e (https://static.licdn.com/sc/h/ab06tl31vdgnwvbdnpnv8lo3s,an5vyx0wi45a6eigwjtrk9xtr,bp2iganh4dmi9rrb9j1b720nw:78)
  (anonymous function) (https://static.licdn.com/sc/h/ab06tl31vdgnwvbdnpnv8lo3s,an5vyx0wi45a6eigwjtrk9xtr,bp2iganh4dmi9rrb9j1b720nw:88)
  (anonymous function) (https://static.licdn.com/sc/h/ab06tl31vdgnwvbdnpnv8lo3s,an5vyx0wi45a6eigwjtrk9xtr,bp2iganh4dmi9rrb9j1b720nw:122)
  (anonymous function) (https://static.licdn.com/sc/h/ab06tl31vdgnwvbdnpnv8lo3s,an5vyx0wi45a6eigwjtrk9xtr,bp2iganh4dmi9rrb9j1b720nw:122)
[ERROR - 2017-09-11T08:34:36.081Z] Session [06c6dc00-96cc-11e7-900e-f586c3af503e] - page.onError - msg: TypeError: 'undefined' is not a function (evaluating 'a.bind(a,!1)')
[ERROR - 2017-09-11T08:34:36.081Z] Session [06c6dc00-96cc-11e7-900e-f586c3af503e] - page.onError - stack:
  (anonymous function) (https://static.licdn.com/scds/concat/common/js?h=69w33ou4umkyupw2uqgn7za7w:2)
[ERROR - 2017-09-11T08:34:48.037Z] Session [06c6dc00-96cc-11e7-900e-f586c3af503e] - page.onError - msg: TypeError: 'undefined' is not a function (evaluating 'this._handleResponseTimeout.bind(this)')
[ERROR - 2017-09-11T08:34:48.037Z] Session [06c6dc00-96cc-11e7-900e-f586c3af503e] - page.onError - stack:
  e (https://static.licdn.com/sc/h/39r4tyh7m0cf036lc1dkcp78n:1)
  (anonymous function) (https://static.licdn.com/sc/h/39r4tyh7m0cf036lc1dkcp78n:1)
  (anonymous function) (https://static.licdn.com/sc/h/39r4tyh7m0cf036lc1dkcp78n:1)
  (anonymous function) (https://static.licdn.com/sc/h/39r4tyh7m0cf036lc1dkcp78n:1)
[ERROR - 2017-09-11T08:34:59.252Z] Session [06c6dc00-96cc-11e7-900e-f586c3af503e] - page.onError - msg: TypeError: 'undefined' is not a function (evaluating 'this.onInsert.bind(this)')
[ERROR - 2017-09-11T08:34:59.252Z] Session [06c6dc00-96cc-11e7-900e-f586c3af503e] - page.onError - stack:
  (anonymous function) (https://static.licdn.com/sc/h/ewm6787i3lihr2qwt0f3qqd89,5id0sciv5oo6s7rw2ig6p39kp,extp71b7scstnfce8khvf34rc:10367)
  (anonymous function) (https://static.licdn.com/sc/h/ewm6787i3lihr2qwt0f3qqd89,5id0sciv5oo6s7rw2ig6p39kp,extp71b7scstnfce8khvf34rc:10583)
[ERROR - 2017-09-11T08:35:05.815Z] Session [06c6dc00-96cc-11e7-900e-f586c3af503e] - page.onError - msg: TypeError: 'undefined' is not a function (evaluating 'this._handleResponseTimeout.bind(this)')
[ERROR - 2017-09-11T08:35:05.815Z] Session [06c6dc00-96cc-11e7-900e-f586c3af503e] - page.onError - stack:
  e (https://static.licdn.com/sc/h/39r4tyh7m0cf036lc1dkcp78n:1)
  (anonymous function) (https://static.licdn.com/sc/h/39r4tyh7m0cf036lc1dkcp78n:1)
  (anonymous function) (https://static.licdn.com/sc/h/39r4tyh7m0cf036lc1dkcp78n:1)
  (anonymous function) (https://static.licdn.com/sc/h/39r4tyh7m0cf036lc1dkcp78n:1)
[ERROR - 2017-09-11T08:35:11.130Z] Session [06c6dc00-96cc-11e7-900e-f586c3af503e] - page.onError - msg: TypeError: 'undefined' is not a function (evaluating 'this.onInsert.bind(this)')
[ERROR - 2017-09-11T08:35:11.131Z] Session [06c6dc00-96cc-11e7-900e-f586c3af503e] - page.onError - stack:
  (anonymous function) (https://static.licdn.com/sc/h/ewm6787i3lihr2qwt0f3qqd89,5id0sciv5oo6s7rw2ig6p39kp,extp71b7scstnfce8khvf34rc:10367)
  (anonymous function) (https://static.licdn.com/sc/h/ewm6787i3lihr2qwt0f3qqd89,5id0sciv5oo6s7rw2ig6p39kp,extp71b7scstnfce8khvf34rc:10583)
[ERROR - 2017-09-11T08:35:20.280Z] WebElementLocator - _handleLocateCommand - Element(s) NOT Found: GAVE UP. Search Stop Time: 1505118920221
[ERROR - 2017-09-11T08:35:21.164Z] WebElementLocator - _handleLocateCommand - Element(s) NOT Found: GAVE UP. Search Stop Time: 1505118921159
[ERROR - 2017-09-11T08:35:22.043Z] WebElementLocator - _handleLocateCommand - Element(s) NOT Found: GAVE UP. Search Stop Time: 1505118921983
[ERROR - 2017-09-11T08:35:22.914Z] WebElementLocator - _handleLocateCommand - Element(s) NOT Found: GAVE UP. Search Stop Time: 1505118922885
[ERROR - 2017-09-11T08:35:23.772Z] WebElementLocator - _handleLocateCommand - Element(s) NOT Found: GAVE UP. Search Stop Time: 1505118923716
[ERROR - 2017-09-11T08:35:24.576Z] WebElementLocator - _handleLocateCommand - Element(s) NOT Found: GAVE UP. Search Stop Time: 1505118924573
[ERROR - 2017-09-11T08:35:25.441Z] WebElementLocator - _handleLocateCommand - Element(s) NOT Found: GAVE UP. Search Stop Time: 1505118925380
[ERROR - 2017-09-11T08:35:26.263Z] WebElementLocator - _handleLocateCommand - Element(s) NOT Found: GAVE UP. Search Stop Time: 1505118926260
[ERROR - 2017-09-11T08:35:27.103Z] WebElementLocator - _handleLocateCommand - Element(s) NOT Found: GAVE UP. Search Stop Time: 1505118927069
[ERROR - 2017-09-11T08:35:27.912Z] WebElementLocator - _handleLocateCommand - Element(s) NOT Found: GAVE UP. Search Stop Time: 1505118927910
[ERROR - 2017-09-11T08:35:28.723Z] WebElementLocator - _handleLocateCommand - Element(s) NOT Found: GAVE UP. Search Stop Time: 1505118928720
[ERROR - 2017-09-11T08:35:29.530Z] WebElementLocator - _handleLocateCommand - Element(s) NOT Found: GAVE UP. Search Stop Time: 1505118929525
[ERROR - 2017-09-11T08:35:30.440Z] WebElementLocator - _handleLocateCommand - Element(s) NOT Found: GAVE UP. Search Stop Time: 1505118930373
[ERROR - 2017-09-11T08:35:31.359Z] WebElementLocator - _handleLocateCommand - Element(s) NOT Found: GAVE UP. Search Stop Time: 1505118931351
[ERROR - 2017-09-11T08:35:32.210Z] WebElementLocator - _handleLocateCommand - Element(s) NOT Found: GAVE UP. Search Stop Time: 1505118932180
[ERROR - 2017-09-11T08:35:33.055Z] WebElementLocator - _handleLocateCommand - Element(s) NOT Found: GAVE UP. Search Stop Time: 1505118933013
[ERROR - 2017-09-11T08:35:33.953Z] WebElementLocator - _handleLocateCommand - Element(s) NOT Found: GAVE UP. Search Stop Time: 1505118933896
[ERROR - 2017-09-11T08:35:34.818Z] WebElementLocator - _handleLocateCommand - Element(s) NOT Found: GAVE UP. Search Stop Time: 1505118934758
[ERROR - 2017-09-11T08:35:35.639Z] WebElementLocator - _handleLocateCommand - Element(s) NOT Found: GAVE UP. Search Stop Time: 1505118935619
[ERROR - 2017-09-11T08:35:36.504Z] WebElementLocator - _handleLocateCommand - Element(s) NOT Found: GAVE UP. Search Stop Time: 1505118936444
[ERROR - 2017-09-11T08:35:37.312Z] WebElementLocator - _handleLocateCommand - Element(s) NOT Found: GAVE UP. Search Stop Time: 1505118937311
[ERROR - 2017-09-11T08:35:38.116Z] WebElementLocator - _handleLocateCommand - Element(s) NOT Found: GAVE UP. Search Stop Time: 1505118938112
[ERROR - 2017-09-11T08:35:38.978Z] WebElementLocator - _handleLocateCommand - Element(s) NOT Found: GAVE UP. Search Stop Time: 1505118938932
[ERROR - 2017-09-11T08:35:39.950Z] WebElementLocator - _handleLocateCommand - Element(s) NOT Found: GAVE UP. Search Stop Time: 1505118939932
[ERROR - 2017-09-11T08:35:40.819Z] WebElementLocator - _handleLocateCommand - Element(s) NOT Found: GAVE UP. Search Stop Time: 1505118940761
[ERROR - 2017-09-11T08:35:41.701Z] WebElementLocator - _handleLocateCommand - Element(s) NOT Found: GAVE UP. Search Stop Time: 1505118941652
[ERROR - 2017-09-11T08:35:42.561Z] WebElementLocator - _handleLocateCommand - Element(s) NOT Found: GAVE UP. Search Stop Time: 1505118942555
[ERROR - 2017-09-11T08:35:43.430Z] WebElementLocator - _handleLocateCommand - Element(s) NOT Found: GAVE UP. Search Stop Time: 1505118943424
[ERROR - 2017-09-11T08:35:44.279Z] WebElementLocator - _handleLocateCommand - Element(s) NOT Found: GAVE UP. Search Stop Time: 1505118944255
[ERROR - 2017-09-11T08:35:45.088Z] WebElementLocator - _handleLocateCommand - Element(s) NOT Found: GAVE UP. Search Stop Time: 1505118945085
[ERROR - 2017-09-11T08:35:45.953Z] WebElementLocator - _handleLocateCommand - Element(s) NOT Found: GAVE UP. Search Stop Time: 1505118945890
[ERROR - 2017-09-11T08:35:46.764Z] WebElementLocator - _handleLocateCommand - Element(s) NOT Found: GAVE UP. Search Stop Time: 1505118946757
[ERROR - 2017-09-11T08:35:47.582Z] WebElementLocator - _handleLocateCommand - Element(s) NOT Found: GAVE UP. Search Stop Time: 1505118947577
[ERROR - 2017-09-11T08:35:48.414Z] WebElementLocator - _handleLocateCommand - Element(s) NOT Found: GAVE UP. Search Stop Time: 1505118948384
[ERROR - 2017-09-11T08:35:49.234Z] WebElementLocator - _handleLocateCommand - Element(s) NOT Found: GAVE UP. Search Stop Time: 1505118949225
[ERROR - 2017-09-11T08:35:50.105Z] WebElementLocator - _handleLocateCommand - Element(s) NOT Found: GAVE UP. Search Stop Time: 1505118950038
[ERROR - 2017-09-11T08:35:50.959Z] WebElementLocator - _handleLocateCommand - Element(s) NOT Found: GAVE UP. Search Stop Time: 1505118950905
[ERROR - 2017-09-11T08:35:51.829Z] WebElementLocator - _handleLocateCommand - Element(s) NOT Found: GAVE UP. Search Stop Time: 1505118951763
[ERROR - 2017-09-11T08:35:52.668Z] WebElementLocator - _handleLocateCommand - Element(s) NOT Found: GAVE UP. Search Stop Time: 1505118952633
[ERROR - 2017-09-11T08:35:53.487Z] WebElementLocator - _handleLocateCommand - Element(s) NOT Found: GAVE UP. Search Stop Time: 1505118953485
[ERROR - 2017-09-11T08:35:54.295Z] WebElementLocator - _handleLocateCommand - Element(s) NOT Found: GAVE UP. Search Stop Time: 1505118954291
[ERROR - 2017-09-11T08:35:55.114Z] WebElementLocator - _handleLocateCommand - Element(s) NOT Found: GAVE UP. Search Stop Time: 1505118955109
[ERROR - 2017-09-11T08:35:55.930Z] WebElementLocator - _handleLocateCommand - Element(s) NOT Found: GAVE UP. Search Stop Time: 1505118955919
[ERROR - 2017-09-11T08:35:56.763Z] WebElementLocator - _handleLocateCommand - Element(s) NOT Found: GAVE UP. Search Stop Time: 1505118956736
[ERROR - 2017-09-11T08:35:57.575Z] WebElementLocator - _handleLocateCommand - Element(s) NOT Found: GAVE UP. Search Stop Time: 1505118957568
[ERROR - 2017-09-11T08:35:58.440Z] WebElementLocator - _handleLocateCommand - Element(s) NOT Found: GAVE UP. Search Stop Time: 1505118958380
[ERROR - 2017-09-11T08:35:59.275Z] WebElementLocator - _handleLocateCommand - Element(s) NOT Found: GAVE UP. Search Stop Time: 1505118959266
[ERROR - 2017-09-11T08:36:00.145Z] WebElementLocator - _handleLocateCommand - Element(s) NOT Found: GAVE UP. Search Stop Time: 1505118960080
[ERROR - 2017-09-11T08:36:00.969Z] WebElementLocator - _handleLocateCommand - Element(s) NOT Found: GAVE UP. Search Stop Time: 1505118960948
[ERROR - 2017-09-11T08:36:01.779Z] WebElementLocator - _handleLocateCommand - Element(s) NOT Found: GAVE UP. Search Stop Time: 1505118961770
[ERROR - 2017-09-11T08:36:02.649Z] WebElementLocator - _handleLocateCommand - Element(s) NOT Found: GAVE UP. Search Stop Time: 1505118962583
[ERROR - 2017-09-11T08:36:03.489Z] WebElementLocator - _handleLocateCommand - Element(s) NOT Found: GAVE UP. Search Stop Time: 1505118963476
[ERROR - 2017-09-11T08:36:04.386Z] WebElementLocator - _handleLocateCommand - Element(s) NOT Found: GAVE UP. Search Stop Time: 1505118964374
[ERROR - 2017-09-11T08:36:05.243Z] WebElementLocator - _handleLocateCommand - Element(s) NOT Found: GAVE UP. Search Stop Time: 1505118965219
[ERROR - 2017-09-11T08:36:06.152Z] WebElementLocator - _handleLocateCommand - Element(s) NOT Found: GAVE UP. Search Stop Time: 1505118966092
[ERROR - 2017-09-11T08:36:07.032Z] WebElementLocator - _handleLocateCommand - Element(s) NOT Found: GAVE UP. Search Stop Time: 1505118966971
[ERROR - 2017-09-11T08:36:07.852Z] WebElementLocator - _handleLocateCommand - Element(s) NOT Found: GAVE UP. Search Stop Time: 1505118967849
[ERROR - 2017-09-11T08:36:08.659Z] WebElementLocator - _handleLocateCommand - Element(s) NOT Found: GAVE UP. Search Stop Time: 1505118968653
[ERROR - 2017-09-11T08:36:09.489Z] WebElementLocator - _handleLocateCommand - Element(s) NOT Found: GAVE UP. Search Stop Time: 1505118969464
[ERROR - 2017-09-11T08:36:10.289Z] WebElementLocator - _handleLocateCommand - Element(s) NOT Found: GAVE UP. Search Stop Time: 1505118970288
[ERROR - 2017-09-11T08:36:11.151Z] WebElementLocator - _handleLocateCommand - Element(s) NOT Found: GAVE UP. Search Stop Time: 1505118971093
[ERROR - 2017-09-11T08:36:12.017Z] WebElementLocator - _handleLocateCommand - Element(s) NOT Found: GAVE UP. Search Stop Time: 1505118971955
[ERROR - 2017-09-11T08:36:12.836Z] WebElementLocator - _handleLocateCommand - Element(s) NOT Found: GAVE UP. Search Stop Time: 1505118972826
[ERROR - 2017-09-11T08:36:13.698Z] WebElementLocator - _handleLocateCommand - Element(s) NOT Found: GAVE UP. Search Stop Time: 1505118973639
[ERROR - 2017-09-11T08:36:14.564Z] WebElementLocator - _handleLocateCommand - Element(s) NOT Found: GAVE UP. Search Stop Time: 1505118974503
[ERROR - 2017-09-11T08:36:15.365Z] WebElementLocator - _handleLocateCommand - Element(s) NOT Found: GAVE UP. Search Stop Time: 1505118975363
[ERROR - 2017-09-11T08:36:16.176Z] WebElementLocator - _handleLocateCommand - Element(s) NOT Found: GAVE UP. Search Stop Time: 1505118976173
[ERROR - 2017-09-11T08:36:17.009Z] WebElementLocator - _handleLocateCommand - Element(s) NOT Found: GAVE UP. Search Stop Time: 1505118976978
[ERROR - 2017-09-11T08:36:17.868Z] WebElementLocator - _handleLocateCommand - Element(s) NOT Found: GAVE UP. Search Stop Time: 1505118977808
[ERROR - 2017-09-11T08:36:18.669Z] WebElementLocator - _handleLocateCommand - Element(s) NOT Found: GAVE UP. Search Stop Time: 1505118978667
[ERROR - 2017-09-11T08:36:19.547Z] WebElementLocator - _handleLocateCommand - Element(s) NOT Found: GAVE UP. Search Stop Time: 1505118979489
[ERROR - 2017-09-11T08:36:20.357Z] WebElementLocator - _handleLocateCommand - Element(s) NOT Found: GAVE UP. Search Stop Time: 1505118980351
[ERROR - 2017-09-11T08:36:21.247Z] WebElementLocator - _handleLocateCommand - Element(s) NOT Found: GAVE UP. Search Stop Time: 1505118981222
[ERROR - 2017-09-11T08:36:22.102Z] WebElementLocator - _handleLocateCommand - Element(s) NOT Found: GAVE UP. Search Stop Time: 1505118982054
[ERROR - 2017-09-11T08:36:22.966Z] WebElementLocator - _handleLocateCommand - Element(s) NOT Found: GAVE UP. Search Stop Time: 1505118982910
[ERROR - 2017-09-11T08:36:23.792Z] WebElementLocator - _handleLocateCommand - Element(s) NOT Found: GAVE UP. Search Stop Time: 1505118983779
[ERROR - 2017-09-11T08:36:24.596Z] WebElementLocator - _handleLocateCommand - Element(s) NOT Found: GAVE UP. Search Stop Time: 1505118984594
[ERROR - 2017-09-11T08:36:25.454Z] WebElementLocator - _handleLocateCommand - Element(s) NOT Found: GAVE UP. Search Stop Time: 1505118985425
[ERROR - 2017-09-11T08:36:26.274Z] WebElementLocator - _handleLocateCommand - Element(s) NOT Found: GAVE UP. Search Stop Time: 1505118986263
[ERROR - 2017-09-11T08:36:27.179Z] WebElementLocator - _handleLocateCommand - Element(s) NOT Found: GAVE UP. Search Stop Time: 1505118987117
[ERROR - 2017-09-11T08:36:28.038Z] WebElementLocator - _handleLocateCommand - Element(s) NOT Found: GAVE UP. Search Stop Time: 1505118987981
[ERROR - 2017-09-11T08:36:28.841Z] WebElementLocator - _handleLocateCommand - Element(s) NOT Found: GAVE UP. Search Stop Time: 1505118988840
[ERROR - 2017-09-11T08:36:29.668Z] WebElementLocator - _handleLocateCommand - Element(s) NOT Found: GAVE UP. Search Stop Time: 1505118989647
[ERROR - 2017-09-11T08:36:30.473Z] WebElementLocator - _handleLocateCommand - Element(s) NOT Found: GAVE UP. Search Stop Time: 1505118990471
[ERROR - 2017-09-11T08:36:31.281Z] WebElementLocator - _handleLocateCommand - Element(s) NOT Found: GAVE UP. Search Stop Time: 1505118991276
[ERROR - 2017-09-11T08:36:32.147Z] WebElementLocator - _handleLocateCommand - Element(s) NOT Found: GAVE UP. Search Stop Time: 1505118992081
[ERROR - 2017-09-11T08:36:33.031Z] WebElementLocator - _handleLocateCommand - Element(s) NOT Found: GAVE UP. Search Stop Time: 1505118992976
[ERROR - 2017-09-11T08:36:33.854Z] WebElementLocator - _handleLocateCommand - Element(s) NOT Found: GAVE UP. Search Stop Time: 1505118993841
[ERROR - 2017-09-11T08:36:34.718Z] WebElementLocator - _handleLocateCommand - Element(s) NOT Found: GAVE UP. Search Stop Time: 1505118994665
[ERROR - 2017-09-11T08:36:35.582Z] WebElementLocator - _handleLocateCommand - Element(s) NOT Found: GAVE UP. Search Stop Time: 1505118995521
[ERROR - 2017-09-11T08:36:36.456Z] WebElementLocator - _handleLocateCommand - Element(s) NOT Found: GAVE UP. Search Stop Time: 1505118996401
[ERROR - 2017-09-11T08:36:37.292Z] WebElementLocator - _handleLocateCommand - Element(s) NOT Found: GAVE UP. Search Stop Time: 1505118997267
[ERROR - 2017-09-11T08:36:38.111Z] WebElementLocator - _handleLocateCommand - Element(s) NOT Found: GAVE UP. Search Stop Time: 1505118998094
[ERROR - 2017-09-11T08:36:38.914Z] WebElementLocator - _handleLocateCommand - Element(s) NOT Found: GAVE UP. Search Stop Time: 1505118998913
[ERROR - 2017-09-11T08:36:39.779Z] WebElementLocator - _handleLocateCommand - Element(s) NOT Found: GAVE UP. Search Stop Time: 1505118999715
[ERROR - 2017-09-11T08:36:40.648Z] WebElementLocator - _handleLocateCommand - Element(s) NOT Found: GAVE UP. Search Stop Time: 1505119000585
[ERROR - 2017-09-11T08:36:41.466Z] WebElementLocator - _handleLocateCommand - Element(s) NOT Found: GAVE UP. Search Stop Time: 1505119001448
[ERROR - 2017-09-11T08:36:42.271Z] WebElementLocator - _handleLocateCommand - Element(s) NOT Found: GAVE UP. Search Stop Time: 1505119002267
[ERROR - 2017-09-11T08:36:43.149Z] WebElementLocator - _handleLocateCommand - Element(s) NOT Found: GAVE UP. Search Stop Time: 1505119003091
[ERROR - 2017-09-11T08:36:44.011Z] WebElementLocator - _handleLocateCommand - Element(s) NOT Found: GAVE UP. Search Stop Time: 1505119003952
[ERROR - 2017-09-11T08:36:44.815Z] WebElementLocator - _handleLocateCommand - Element(s) NOT Found: GAVE UP. Search Stop Time: 1505119004814
[ERROR - 2017-09-11T08:36:45.644Z] WebElementLocator - _handleLocateCommand - Element(s) NOT Found: GAVE UP. Search Stop Time: 1505119005619
[ERROR - 2017-09-11T08:36:46.454Z] WebElementLocator - _handleLocateCommand - Element(s) NOT Found: GAVE UP. Search Stop Time: 1505119006450
[ERROR - 2017-09-11T08:36:47.282Z] WebElementLocator - _handleLocateCommand - Element(s) NOT Found: GAVE UP. Search Stop Time: 1505119007272
[ERROR - 2017-09-11T08:36:48.153Z] WebElementLocator - _handleLocateCommand - Element(s) NOT Found: GAVE UP. Search Stop Time: 1505119008085
[ERROR - 2017-09-11T08:36:48.955Z] WebElementLocator - _handleLocateCommand - Element(s) NOT Found: GAVE UP. Search Stop Time: 1505119008953
[ERROR - 2017-09-11T08:36:49.778Z] WebElementLocator - _handleLocateCommand - Element(s) NOT Found: GAVE UP. Search Stop Time: 1505119009761
[ERROR - 2017-09-11T08:36:50.639Z] WebElementLocator - _handleLocateCommand - Element(s) NOT Found: GAVE UP. Search Stop Time: 1505119010581
[ERROR - 2017-09-11T08:36:51.499Z] WebElementLocator - _handleLocateCommand - Element(s) NOT Found: GAVE UP. Search Stop Time: 1505119011442
[ERROR - 2017-09-11T08:36:52.373Z] WebElementLocator - _handleLocateCommand - Element(s) NOT Found: GAVE UP. Search Stop Time: 1505119012314
[ERROR - 2017-09-11T08:36:53.179Z] WebElementLocator - _handleLocateCommand - Element(s) NOT Found: GAVE UP. Search Stop Time: 1505119013177
[ERROR - 2017-09-11T08:36:54.068Z] WebElementLocator - _handleLocateCommand - Element(s) NOT Found: GAVE UP. Search Stop Time: 1505119014014
[ERROR - 2017-09-11T08:36:54.927Z] WebElementLocator - _handleLocateCommand - Element(s) NOT Found: GAVE UP. Search Stop Time: 1505119014866
[ERROR - 2017-09-11T08:36:55.802Z] WebElementLocator - _handleLocateCommand - Element(s) NOT Found: GAVE UP. Search Stop Time: 1505119015735
[ERROR - 2017-09-11T08:36:56.666Z] WebElementLocator - _handleLocateCommand - Element(s) NOT Found: GAVE UP. Search Stop Time: 1505119016603
[ERROR - 2017-09-11T08:36:57.497Z] WebElementLocator - _handleLocateCommand - Element(s) NOT Found: GAVE UP. Search Stop Time: 1505119017473
[ERROR - 2017-09-11T08:36:58.299Z] WebElementLocator - _handleLocateCommand - Element(s) NOT Found: GAVE UP. Search Stop Time: 1505119018297
[ERROR - 2017-09-11T08:36:59.132Z] WebElementLocator - _handleLocateCommand - Element(s) NOT Found: GAVE UP. Search Stop Time: 1505119019122
[ERROR - 2017-09-11T08:36:59.997Z] WebElementLocator - _handleLocateCommand - Element(s) NOT Found: GAVE UP. Search Stop Time: 1505119019935
